nbThread : 48
Start benchmark
[0.448s][info][gc] GC(0) Pause Young (Normal) (G1 Evacuation Pause) 256M->4M(5128M) 23.940ms
[0.839s][info][gc] GC(1) Pause Young (Normal) (G1 Evacuation Pause) 864M->9M(5128M) 156.703ms
[1.120s][info][gc] GC(2) Pause Young (Normal) (G1 Evacuation Pause) 405M->12M(5128M) 216.123ms
[1.459s][info][gc] GC(3) Pause Young (Normal) (G1 Evacuation Pause) 408M->14M(5128M) 277.204ms
[1.885s][info][gc] GC(4) Pause Young (Normal) (G1 Evacuation Pause) 410M->16M(11272M) 363.203ms
[2.430s][info][gc] GC(5) Pause Young (Normal) (G1 Evacuation Pause) 556M->18M(11272M) 443.757ms
[2.958s][info][gc] GC(6) Pause Young (Normal) (G1 Evacuation Pause) 558M->21M(11272M) 438.872ms
[3.132s][info][gc] GC(7) Pause Young (Normal) (G1 Evacuation Pause) 557M->8M(11272M) 86.695ms
[3.413s][info][gc] GC(8) Pause Young (Normal) (G1 Evacuation Pause) 560M->11M(14956M) 192.157ms
[3.853s][info][gc] GC(9) Pause Young (Normal) (G1 Evacuation Pause) 743M->14M(14956M) 306.561ms
[4.401s][info][gc] GC(10) Pause Young (Normal) (G1 Evacuation Pause) 742M->20M(14956M) 430.215ms
[5.070s][info][gc] GC(11) Pause Young (Normal) (G1 Evacuation Pause) 744M->23M(14956M) 553.528ms
[5.858s][info][gc] GC(12) Pause Young (Normal) (G1 Evacuation Pause) 743M->29M(17168M) 668.827ms
[6.831s][info][gc] GC(13) Pause Young (Normal) (G1 Evacuation Pause) 853M->33M(17168M) 811.648ms
[7.913s][info][gc] GC(14) Pause Young (Normal) (G1 Evacuation Pause) 853M->40M(17168M) 952.486ms
[9.125s][info][gc] GC(15) Pause Young (Normal) (G1 Evacuation Pause) 856M->44M(17168M) 1080.540ms
[9.429s][info][gc] GC(16) Pause Young (Normal) (G1 Evacuation Pause) 856M->48M(18496M) 171.364ms
[9.791s][info][gc] GC(17) Pause Young (Normal) (G1 Evacuation Pause) 924M->55M(18496M) 197.870ms
[10.150s][info][gc] GC(18) Pause Young (Normal) (G1 Evacuation Pause) 923M->61M(18496M) 217.183ms
[10.515s][info][gc] GC(19) Pause Young (Normal) (G1 Evacuation Pause) 925M->66M(18496M) 223.229ms
[10.903s][info][gc] GC(20) Pause Young (Normal) (G1 Evacuation Pause) 926M->72M(19184M) 246.492ms
[11.315s][info][gc] GC(21) Pause Young (Normal) (G1 Evacuation Pause) 956M->73M(19184M) 252.040ms
[11.705s][info][gc] GC(22) Pause Young (Normal) (G1 Evacuation Pause) 961M->75M(19184M) 241.521ms
[12.121s][info][gc] GC(23) Pause Young (Normal) (G1 Evacuation Pause) 963M->79M(19184M) 266.831ms
[12.540s][info][gc] GC(24) Pause Young (Normal) (G1 Evacuation Pause) 967M->85M(19704M) 269.493ms
[12.985s][info][gc] GC(25) Pause Young (Normal) (G1 Evacuation Pause) 1033M->90M(19704M) 273.289ms
[13.582s][info][gc] GC(26) Pause Young (Normal) (G1 Evacuation Pause) 1782M->104M(19704M) 315.249ms
[14.226s][info][gc] GC(27) Pause Young (Normal) (G1 Evacuation Pause) 1900M->115M(19704M) 342.479ms
[15.026s][info][gc] GC(28) Pause Young (Normal) (G1 Evacuation Pause) 2591M->124M(20016M) 377.087ms
[15.907s][info][gc] GC(29) Pause Young (Normal) (G1 Evacuation Pause) 2828M->140M(20016M) 420.231ms
[18.818s][info][gc] GC(30) Pause Young (Normal) (G1 Evacuation Pause) 12040M->210M(20016M) 736.483ms
[21.074s][info][gc] GC(31) Pause Young (Normal) (G1 Evacuation Pause) 12042M->113M(20016M) 255.278ms
[23.628s][info][gc] GC(32) Pause Young (Normal) (G1 Evacuation Pause) 12045M->170M(20204M) 518.854ms
[28.555s][info][gc] GC(33) Pause Young (Normal) (G1 Evacuation Pause) 12154M->257M(20204M) 2902.388ms
[29.316s][info][gc] GC(34) Pause Young (Normal) (G1 Evacuation Pause) 1045M->141M(20204M) 624.170ms
[29.525s][info][gc] GC(35) Pause Young (Normal) (G1 Evacuation Pause) 1113M->123M(20204M) 47.309ms
[29.758s][info][gc] GC(36) Pause Young (Normal) (G1 Evacuation Pause) 1111M->126M(20204M) 70.488ms
[30.052s][info][gc] GC(37) Pause Young (Normal) (G1 Evacuation Pause) 1298M->134M(20204M) 101.715ms
[30.413s][info][gc] GC(38) Pause Young (Normal) (G1 Evacuation Pause) 1498M->143M(20204M) 137.667ms
[30.855s][info][gc] GC(39) Pause Young (Normal) (G1 Evacuation Pause) 1719M->156M(20316M) 181.945ms
[31.359s][info][gc] GC(40) Pause Young (Normal) (G1 Evacuation Pause) 1864M->167M(20316M) 222.286ms
[31.925s][info][gc] GC(41) Pause Young (Normal) (G1 Evacuation Pause) 2027M->177M(20316M) 261.395ms
[32.564s][info][gc] GC(42) Pause Young (Normal) (G1 Evacuation Pause) 2237M->189M(20316M) 299.370ms
[33.293s][info][gc] GC(43) Pause Young (Normal) (G1 Evacuation Pause) 2537M->197M(20356M) 344.829ms
[34.142s][info][gc] GC(44) Pause Young (Normal) (G1 Evacuation Pause) 2857M->216M(20356M) 408.406ms
[34.685s][info][gc] GC(45) Pause Young (Normal) (G1 Evacuation Pause) 3160M->135M(20356M) 63.150ms
[35.405s][info][gc] GC(46) Pause Young (Normal) (G1 Evacuation Pause) 3723M->142M(20356M) 132.446ms
[36.337s][info][gc] GC(47) Pause Young (Normal) (G1 Evacuation Pause) 4390M->166M(20408M) 225.513ms
[37.497s][info][gc] GC(48) Pause Young (Normal) (G1 Evacuation Pause) 5174M->190M(20408M) 324.690ms
[39.199s][info][gc] GC(49) Pause Young (Normal) (G1 Evacuation Pause) 6182M->233M(20408M) 714.446ms
[39.578s][info][gc] GC(50) Pause Young (Normal) (G1 Evacuation Pause) 2041M->144M(20408M) 80.073ms
[40.114s][info][gc] GC(51) Pause Young (Normal) (G1 Evacuation Pause) 2748M->141M(20440M) 113.056ms
[40.842s][info][gc] GC(52) Pause Young (Normal) (G1 Evacuation Pause) 3461M->157M(20440M) 182.114ms
[41.514s][info][gc] GC(53) Pause Young (Normal) (G1 Evacuation Pause) 3729M->134M(20440M) 81.703ms
[42.532s][info][gc] GC(54) Pause Young (Normal) (G1 Evacuation Pause) 4122M->155M(20440M) 337.920ms
[42.807s][info][gc] GC(55) Pause Young (Normal) (G1 Evacuation Pause) 1575M->124M(20452M) 37.667ms
[43.437s][info][gc] GC(56) Pause Young (Normal) (G1 Evacuation Pause) 3256M->135M(20452M) 102.375ms
[44.198s][info][gc] GC(57) Pause Young (Normal) (G1 Evacuation Pause) 3599M->153M(20452M) 171.513ms
[45.073s][info][gc] GC(58) Pause Young (Normal) (G1 Evacuation Pause) 3817M->177M(20452M) 256.963ms
[46.042s][info][gc] GC(59) Pause Young (Normal) (G1 Evacuation Pause) 3949M->198M(20452M) 335.036ms
[47.115s][info][gc] GC(60) Pause Young (Normal) (G1 Evacuation Pause) 4094M->220M(20464M) 419.167ms
[48.289s][info][gc] GC(61) Pause Young (Normal) (G1 Evacuation Pause) 4244M->240M(20464M) 496.154ms
[49.587s][info][gc] GC(62) Pause Young (Normal) (G1 Evacuation Pause) 4452M->269M(20464M) 594.544ms
[51.004s][info][gc] GC(63) Pause Young (Normal) (G1 Evacuation Pause) 4713M->292M(20464M) 678.373ms
[52.606s][info][gc] GC(64) Pause Young (Normal) (G1 Evacuation Pause) 5120M->324M(20472M) 788.307ms
[54.389s][info][gc] GC(65) Pause Young (Normal) (G1 Evacuation Pause) 5640M->343M(20472M) 887.631ms
[58.985s][info][gc] GC(66) Pause Young (Normal) (G1 Evacuation Pause) 6299M->380M(20472M) 3609.509ms
[60.531s][info][gc] GC(67) Pause Young (Normal) (G1 Evacuation Pause) 1128M->278M(20472M) 1414.774ms
End benchmark
benchmarkAvgTime : 60431
