# started on Wed Nov 15 15:48:47 2023


 Performance counter stats for './test.sh -c CounterJUC -s ConcurrentHashSet -q Queue -m Map -t Retwis -r 0 0 0 0 100 0 -p -e -w 60 -u 30 -h JUC -y 100000 -d 100000 -i 50000000000 -b -g 96':

            611869      cache-references                                                      
            141750      cache-misses                     #   23,167 % of all cache refs       
           5817487      branches                                                              
            100570      branch-misses                    #    1,73% of all branches           
          15846508      cycles                                                                  (16,89%)
          17441372      instructions                     #    1,10  insn per cycle              (18,19%)
     <not counted>      l1d_pend_miss.pending_cycles_any                                        (0,00%)
     <not counted>      l2_rqsts.all_demand_miss                                                (0,00%)
     <not counted>      cycle_activity.stalls_total                                             (0,00%)
     <not counted>      L1-dcache-loads                                                         (0,00%)
     <not counted>      L1-dcache-load-misses                                                   (0,00%)
     <not counted>      LLC-loads                                                               (0,00%)
     <not counted>      LLC-load-misses                                                         (0,00%)

       0,005644637 seconds time elapsed

       0,005960000 seconds user
       0,000000000 seconds sys


Some events weren't counted. Try disabling the NMI watchdog:
	echo 0 > /proc/sys/kernel/nmi_watchdog
	perf stat ...
	echo 1 > /proc/sys/kernel/nmi_watchdog
