nbThread : 48
Start benchmark
[0.563s][info][gc] GC(0) Pause Young (Normal) (G1 Evacuation Pause) 256M->14M(5128M) 10.360ms
[0.875s][info][gc] GC(1) Pause Young (Normal) (G1 Evacuation Pause) 254M->17M(5128M) 4.650ms
[0.964s][info][gc] GC(2) Pause Young (Normal) (G1 Evacuation Pause) 257M->19M(5128M) 2.902ms
[1.015s][info][gc] GC(3) Pause Young (Normal) (G1 Evacuation Pause) 331M->23M(5128M) 3.642ms
[1.064s][info][gc] GC(4) Pause Young (Normal) (G1 Evacuation Pause) 355M->27M(5128M) 3.883ms
[1.114s][info][gc] GC(5) Pause Young (Normal) (G1 Evacuation Pause) 403M->31M(5128M) 4.519ms
[1.177s][info][gc] GC(6) Pause Young (Normal) (G1 Evacuation Pause) 499M->37M(5128M) 4.914ms
[1.528s][info][gc] GC(7) Pause Young (Normal) (G1 Evacuation Pause) 593M->44M(5128M) 5.607ms
[2.153s][info][gc] GC(8) Pause Young (Normal) (G1 Evacuation Pause) 2048M->67M(5128M) 7.660ms
[2.661s][info][gc] GC(9) Pause Young (Normal) (G1 Evacuation Pause) 2163M->94M(5128M) 10.883ms
[3.150s][info][gc] GC(10) Pause Young (Normal) (G1 Evacuation Pause) 2386M->119M(5128M) 15.658ms
[3.619s][info][gc] GC(11) Pause Young (Normal) (G1 Evacuation Pause) 3071M->151M(5128M) 19.914ms
[3.981s][info][gc] GC(12) Pause Young (Normal) (G1 Evacuation Pause) 3071M->181M(5128M) 19.682ms
[4.355s][info][gc] GC(13) Pause Young (Normal) (G1 Evacuation Pause) 3069M->208M(5972M) 27.968ms
[4.809s][info][gc] GC(14) Pause Young (Normal) (G1 Evacuation Pause) 3580M->238M(5972M) 25.530ms
[5.244s][info][gc] GC(15) Pause Young (Normal) (G1 Evacuation Pause) 3578M->268M(5972M) 21.402ms
[5.689s][info][gc] GC(16) Pause Young (Normal) (G1 Evacuation Pause) 3592M->296M(5972M) 20.727ms
[6.138s][info][gc] GC(17) Pause Young (Normal) (G1 Evacuation Pause) 3604M->324M(6628M) 25.057ms
[6.382s][info][gc] GC(18) Pause Young (Normal) (G1 Evacuation Pause) 1968M->340M(6628M) 22.376ms
[6.680s][info][gc] GC(19) Pause Young (Normal) (G1 Evacuation Pause) 2432M->351M(6628M) 19.961ms
[6.985s][info][gc] GC(20) Pause Young (Normal) (G1 Evacuation Pause) 2475M->371M(6628M) 23.464ms
[7.284s][info][gc] GC(21) Pause Young (Normal) (G1 Evacuation Pause) 2439M->392M(6628M) 22.872ms
[7.588s][info][gc] GC(22) Pause Young (Normal) (G1 Evacuation Pause) 2476M->410M(7184M) 25.945ms
[7.995s][info][gc] GC(23) Pause Young (Normal) (G1 Evacuation Pause) 3138M->433M(7184M) 27.696ms
[8.493s][info][gc] GC(24) Pause Young (Normal) (G1 Evacuation Pause) 3953M->469M(7184M) 28.705ms
[9.071s][info][gc] GC(25) Pause Young (Normal) (G1 Evacuation Pause) 4553M->497M(7184M) 31.962ms
[9.661s][info][gc] GC(26) Pause Young (Normal) (G1 Evacuation Pause) 4553M->530M(7988M) 37.817ms
[10.316s][info][gc] GC(27) Pause Young (Normal) (G1 Evacuation Pause) 5038M->557M(7988M) 38.249ms
[10.955s][info][gc] GC(28) Pause Young (Normal) (G1 Evacuation Pause) 5037M->585M(7988M) 39.143ms
[11.599s][info][gc] GC(29) Pause Young (Normal) (G1 Evacuation Pause) 5037M->610M(7988M) 41.468ms
[12.250s][info][gc] GC(30) Pause Young (Normal) (G1 Evacuation Pause) 5062M->634M(8932M) 46.790ms
[12.987s][info][gc] GC(31) Pause Young (Normal) (G1 Evacuation Pause) 5638M->664M(8932M) 48.250ms
[13.697s][info][gc] GC(32) Pause Young (Normal) (G1 Evacuation Pause) 5640M->690M(8932M) 49.371ms
[14.394s][info][gc] GC(33) Pause Young (Normal) (G1 Evacuation Pause) 5650M->707M(8932M) 48.086ms
[15.109s][info][gc] GC(34) Pause Young (Normal) (G1 Evacuation Pause) 5679M->739M(9396M) 51.328ms
[15.874s][info][gc] GC(35) Pause Young (Normal) (G1 Evacuation Pause) 5991M->753M(9396M) 50.972ms
[16.634s][info][gc] GC(36) Pause Young (Normal) (G1 Evacuation Pause) 5993M->779M(9396M) 53.233ms
[17.396s][info][gc] GC(37) Pause Young (Normal) (G1 Evacuation Pause) 6011M->801M(9396M) 53.642ms
[18.165s][info][gc] GC(38) Pause Young (Normal) (G1 Evacuation Pause) 6029M->817M(9840M) 57.128ms
[18.977s][info][gc] GC(39) Pause Young (Normal) (G1 Evacuation Pause) 6317M->837M(9840M) 56.550ms
[19.791s][info][gc] GC(40) Pause Young (Normal) (G1 Evacuation Pause) 6337M->865M(9840M) 59.490ms
[20.601s][info][gc] GC(41) Pause Young (Normal) (G1 Evacuation Pause) 6357M->896M(9840M) 59.501ms
[21.419s][info][gc] GC(42) Pause Young (Normal) (G1 Evacuation Pause) 6376M->915M(10268M) 61.471ms
[22.287s][info][gc] GC(43) Pause Young (Normal) (G1 Evacuation Pause) 6651M->937M(10268M) 65.611ms
[23.141s][info][gc] GC(44) Pause Young (Normal) (G1 Evacuation Pause) 6673M->963M(10268M) 60.742ms
[24.000s][info][gc] GC(45) Pause Young (Normal) (G1 Evacuation Pause) 6691M->984M(10268M) 66.430ms
[24.858s][info][gc] GC(46) Pause Young (Normal) (G1 Evacuation Pause) 6712M->1013M(10268M) 70.396ms
[25.692s][info][gc] GC(47) Pause Young (Normal) (G1 Evacuation Pause) 6733M->1031M(10680M) 65.810ms
[26.582s][info][gc] GC(48) Pause Young (Normal) (G1 Evacuation Pause) 7003M->1059M(10680M) 69.256ms
[27.462s][info][gc] GC(49) Pause Young (Normal) (G1 Evacuation Pause) 7023M->1086M(10680M) 69.106ms
[28.347s][info][gc] GC(50) Pause Young (Normal) (G1 Evacuation Pause) 7042M->1106M(10680M) 66.189ms
[29.238s][info][gc] GC(51) Pause Young (Normal) (G1 Evacuation Pause) 7066M->1131M(11072M) 71.616ms
[30.179s][info][gc] GC(52) Pause Young (Normal) (G1 Evacuation Pause) 7319M->1157M(11072M) 81.231ms
[31.099s][info][gc] GC(53) Pause Young (Normal) (G1 Evacuation Pause) 7345M->1188M(11072M) 78.702ms
[32.005s][info][gc] GC(54) Pause Young (Normal) (G1 Evacuation Pause) 7364M->1220M(11072M) 75.604ms
[32.894s][info][gc] GC(55) Pause Young (Normal) (G1 Evacuation Pause) 7388M->1231M(11452M) 68.693ms
[33.823s][info][gc] GC(56) Pause Young (Normal) (G1 Evacuation Pause) 7639M->1259M(11452M) 62.905ms
[34.754s][info][gc] GC(57) Pause Young (Normal) (G1 Evacuation Pause) 7639M->1277M(11452M) 79.583ms
[35.666s][info][gc] GC(58) Pause Young (Normal) (G1 Evacuation Pause) 7677M->1314M(11452M) 63.340ms
[36.582s][info][gc] GC(59) Pause Young (Normal) (G1 Evacuation Pause) 7702M->1339M(11452M) 68.946ms
[37.493s][info][gc] GC(60) Pause Young (Normal) (G1 Evacuation Pause) 7723M->1364M(11452M) 69.567ms
[38.406s][info][gc] GC(61) Pause Young (Normal) (G1 Evacuation Pause) 7748M->1391M(11452M) 68.338ms
[39.323s][info][gc] GC(62) Pause Young (Normal) (G1 Evacuation Pause) 7771M->1413M(11452M) 73.156ms
[40.232s][info][gc] GC(63) Pause Young (Normal) (G1 Evacuation Pause) 7793M->1443M(11452M) 66.380ms
[41.146s][info][gc] GC(64) Pause Young (Normal) (G1 Evacuation Pause) 7819M->1464M(11452M) 69.440ms
[42.057s][info][gc] GC(65) Pause Young (Normal) (G1 Evacuation Pause) 7844M->1489M(11452M) 65.443ms
[42.973s][info][gc] GC(66) Pause Young (Normal) (G1 Evacuation Pause) 7889M->1520M(11452M) 66.452ms
[43.888s][info][gc] GC(67) Pause Young (Normal) (G1 Evacuation Pause) 7920M->1554M(11452M) 64.072ms
[44.806s][info][gc] GC(68) Pause Young (Normal) (G1 Evacuation Pause) 7946M->1576M(11452M) 64.076ms
[45.732s][info][gc] GC(69) Pause Young (Normal) (G1 Evacuation Pause) 7972M->1608M(11452M) 63.741ms
[46.659s][info][gc] GC(70) Pause Young (Normal) (G1 Evacuation Pause) 8000M->1625M(11452M) 67.913ms
[47.581s][info][gc] GC(71) Pause Young (Normal) (G1 Evacuation Pause) 8029M->1655M(11452M) 62.858ms
[48.501s][info][gc] GC(72) Pause Young (Normal) (G1 Evacuation Pause) 8055M->1676M(11452M) 62.729ms
[49.433s][info][gc] GC(73) Pause Young (Normal) (G1 Evacuation Pause) 8084M->1711M(11452M) 66.339ms
[50.374s][info][gc] GC(74) Pause Young (Normal) (G1 Evacuation Pause) 8111M->1731M(11452M) 65.748ms
[51.319s][info][gc] GC(75) Pause Young (Normal) (G1 Evacuation Pause) 8135M->1757M(11452M) 68.948ms
[52.252s][info][gc] GC(76) Pause Young (Normal) (G1 Evacuation Pause) 8161M->1787M(11452M) 63.531ms
[53.187s][info][gc] GC(77) Pause Young (Normal) (G1 Evacuation Pause) 8191M->1814M(11452M) 66.837ms
[54.121s][info][gc] GC(78) Pause Young (Normal) (G1 Evacuation Pause) 8218M->1843M(11452M) 65.219ms
[55.053s][info][gc] GC(79) Pause Young (Normal) (G1 Evacuation Pause) 8247M->1872M(11452M) 70.745ms
[55.986s][info][gc] GC(80) Pause Young (Normal) (G1 Evacuation Pause) 8272M->1904M(11452M) 69.719ms
[56.929s][info][gc] GC(81) Pause Young (Normal) (G1 Evacuation Pause) 8300M->1936M(11452M) 71.435ms
[57.856s][info][gc] GC(82) Pause Young (Normal) (G1 Evacuation Pause) 8328M->1959M(11452M) 64.814ms
[58.786s][info][gc] GC(83) Pause Young (Normal) (G1 Evacuation Pause) 8355M->1982M(11452M) 69.929ms
[59.724s][info][gc] GC(84) Pause Young (Normal) (G1 Evacuation Pause) 8382M->2012M(11452M) 71.171ms
[60.670s][info][gc] GC(85) Pause Young (Normal) (G1 Evacuation Pause) 8408M->2038M(11452M) 64.777ms
[61.609s][info][gc] GC(86) Pause Young (Normal) (G1 Evacuation Pause) 8434M->2064M(11452M) 65.566ms
[62.540s][info][gc] GC(87) Pause Young (Normal) (G1 Evacuation Pause) 8464M->2088M(11452M) 72.779ms
[63.470s][info][gc] GC(88) Pause Young (Normal) (G1 Evacuation Pause) 8492M->2117M(11452M) 67.292ms
[64.420s][info][gc] GC(89) Pause Young (Normal) (G1 Evacuation Pause) 8517M->2151M(11452M) 72.279ms
[65.362s][info][gc] GC(90) Pause Young (Normal) (G1 Evacuation Pause) 8547M->2183M(11452M) 59.681ms
[66.318s][info][gc] GC(91) Pause Young (Normal) (G1 Evacuation Pause) 8575M->2198M(11452M) 65.260ms
[67.271s][info][gc] GC(92) Pause Young (Normal) (G1 Evacuation Pause) 8602M->2241M(11452M) 65.843ms
[68.219s][info][gc] GC(93) Pause Young (Normal) (G1 Evacuation Pause) 8629M->2260M(11452M) 66.379ms
[69.167s][info][gc] GC(94) Pause Young (Normal) (G1 Evacuation Pause) 8656M->2286M(11452M) 66.648ms
[70.090s][info][gc] GC(95) Pause Young (Normal) (G1 Evacuation Pause) 8686M->2314M(11452M) 63.045ms
[71.023s][info][gc] GC(96) Pause Young (Normal) (G1 Evacuation Pause) 8714M->2348M(11452M) 68.131ms
[71.945s][info][gc] GC(97) Pause Young (Normal) (G1 Evacuation Pause) 8740M->2375M(11452M) 63.073ms
[72.871s][info][gc] GC(98) Pause Young (Normal) (G1 Evacuation Pause) 8767M->2397M(11452M) 65.192ms
[73.793s][info][gc] GC(99) Pause Young (Normal) (G1 Evacuation Pause) 8797M->2423M(11452M) 63.071ms
[74.720s][info][gc] GC(100) Pause Young (Normal) (G1 Evacuation Pause) 8823M->2454M(11452M) 63.254ms
[75.649s][info][gc] GC(101) Pause Young (Normal) (G1 Evacuation Pause) 8850M->2486M(11452M) 69.190ms
[76.576s][info][gc] GC(102) Pause Young (Normal) (G1 Evacuation Pause) 8878M->2517M(11452M) 71.440ms
[77.502s][info][gc] GC(103) Pause Young (Normal) (G1 Evacuation Pause) 8909M->2545M(11452M) 66.043ms
[78.422s][info][gc] GC(104) Pause Young (Normal) (G1 Evacuation Pause) 8937M->2578M(11452M) 61.685ms
[79.345s][info][gc] GC(105) Pause Young (Normal) (G1 Evacuation Pause) 8962M->2608M(11452M) 65.322ms
[80.273s][info][gc] GC(106) Pause Young (Normal) (G1 Evacuation Pause) 8992M->2637M(11452M) 62.465ms
[81.208s][info][gc] GC(107) Pause Young (Normal) (G1 Evacuation Pause) 9017M->2666M(11452M) 71.074ms
[82.137s][info][gc] GC(108) Pause Young (Normal) (G1 Evacuation Pause) 9046M->2695M(11452M) 66.300ms
[83.074s][info][gc] GC(109) Pause Young (Normal) (G1 Evacuation Pause) 9075M->2732M(11452M) 72.426ms
[84.013s][info][gc] GC(110) Pause Young (Normal) (G1 Evacuation Pause) 9104M->2759M(11452M) 69.446ms
[84.956s][info][gc] GC(111) Pause Young (Normal) (G1 Evacuation Pause) 9135M->2788M(11452M) 66.986ms
[85.900s][info][gc] GC(112) Pause Young (Normal) (G1 Evacuation Pause) 9164M->2816M(11452M) 75.489ms
[86.844s][info][gc] GC(113) Pause Young (Normal) (G1 Evacuation Pause) 9220M->2852M(11452M) 69.279ms
[87.784s][info][gc] GC(114) Pause Young (Normal) (G1 Evacuation Pause) 9256M->2881M(11452M) 65.394ms
[88.725s][info][gc] GC(115) Pause Young (Normal) (G1 Evacuation Pause) 9285M->2918M(11452M) 67.124ms
[89.664s][info][gc] GC(116) Pause Young (Normal) (G1 Evacuation Pause) 9318M->2954M(11452M) 68.129ms
[90.605s][info][gc] GC(117) Pause Young (Normal) (G1 Evacuation Pause) 9350M->2980M(11452M) 67.921ms
[91.549s][info][gc] GC(118) Pause Young (Normal) (G1 Evacuation Pause) 9380M->3015M(11452M) 69.517ms
[92.494s][info][gc] GC(119) Pause Young (Normal) (G1 Evacuation Pause) 9415M->3047M(11452M) 70.530ms
[93.435s][info][gc] GC(120) Pause Young (Normal) (G1 Evacuation Pause) 9447M->3080M(11452M) 65.249ms
[94.371s][info][gc] GC(121) Pause Young (Normal) (G1 Evacuation Pause) 9480M->3110M(11452M) 62.963ms
[95.312s][info][gc] GC(122) Pause Young (Normal) (G1 Evacuation Pause) 9514M->3139M(11452M) 65.088ms
[96.252s][info][gc] GC(123) Pause Young (Normal) (G1 Evacuation Pause) 9547M->3167M(11452M) 63.325ms
[97.201s][info][gc] GC(124) Pause Young (Normal) (G1 Evacuation Pause) 9547M->3202M(11452M) 78.230ms
[98.140s][info][gc] GC(125) Pause Young (Normal) (G1 Evacuation Pause) 9574M->3222M(11452M) 61.468ms
[99.096s][info][gc] GC(126) Pause Young (Normal) (G1 Evacuation Pause) 9606M->3252M(11452M) 69.769ms
[100.044s][info][gc] GC(127) Pause Young (Normal) (G1 Evacuation Pause) 9636M->3289M(11452M) 69.955ms
[100.986s][info][gc] GC(128) Pause Young (Normal) (G1 Evacuation Pause) 9665M->3315M(11452M) 70.865ms
[101.931s][info][gc] GC(129) Pause Young (Normal) (G1 Evacuation Pause) 9695M->3346M(11452M) 68.118ms
[102.883s][info][gc] GC(130) Pause Young (Normal) (G1 Evacuation Pause) 9726M->3383M(11452M) 74.885ms
[103.820s][info][gc] GC(131) Pause Young (Normal) (G1 Evacuation Pause) 9755M->3408M(11452M) 64.672ms
[104.759s][info][gc] GC(132) Pause Young (Normal) (G1 Evacuation Pause) 9784M->3443M(11452M) 68.403ms
[105.702s][info][gc] GC(133) Pause Young (Normal) (G1 Evacuation Pause) 9799M->3469M(11452M) 71.821ms
[106.647s][info][gc] GC(134) Pause Young (Normal) (G1 Evacuation Pause) 9801M->3496M(11452M) 77.771ms
[107.585s][info][gc] GC(135) Pause Young (Normal) (G1 Evacuation Pause) 9808M->3524M(11452M) 71.307ms
[108.517s][info][gc] GC(136) Pause Young (Normal) (G1 Evacuation Pause) 9840M->3563M(11452M) 64.667ms
[109.445s][info][gc] GC(137) Pause Young (Normal) (G1 Evacuation Pause) 9835M->3596M(11452M) 64.549ms
[110.381s][info][gc] GC(138) Pause Young (Normal) (G1 Evacuation Pause) 9836M->3624M(11452M) 67.754ms
[111.304s][info][gc] GC(139) Pause Young (Normal) (G1 Evacuation Pause) 9840M->3660M(11452M) 62.728ms
[112.214s][info][gc] GC(140) Pause Young (Normal) (G1 Evacuation Pause) 9836M->3687M(11452M) 56.896ms
[113.123s][info][gc] GC(141) Pause Young (Normal) (G1 Evacuation Pause) 9839M->3718M(11452M) 62.299ms
[114.030s][info][gc] GC(142) Pause Young (Normal) (G1 Evacuation Pause) 9838M->3759M(11452M) 63.840ms
[114.938s][info][gc] GC(143) Pause Young (Normal) (G1 Evacuation Pause) 9823M->3790M(11452M) 65.781ms
[115.844s][info][gc] GC(144) Pause Young (Normal) (G1 Evacuation Pause) 9830M->3822M(11452M) 67.427ms
[116.738s][info][gc] GC(145) Pause Young (Normal) (G1 Evacuation Pause) 9830M->3852M(11452M) 55.667ms
[117.633s][info][gc] GC(146) Pause Young (Normal) (G1 Evacuation Pause) 9828M->3895M(11452M) 64.364ms
[118.518s][info][gc] GC(147) Pause Young (Normal) (G1 Evacuation Pause) 9823M->3921M(11452M) 68.268ms
[119.399s][info][gc] GC(148) Pause Young (Normal) (G1 Evacuation Pause) 9857M->3959M(11452M) 64.684ms
[120.285s][info][gc] GC(149) Pause Young (Normal) (G1 Evacuation Pause) 9859M->3996M(11452M) 63.088ms
[121.165s][info][gc] GC(150) Pause Young (Normal) (G1 Evacuation Pause) 9852M->4034M(11452M) 60.807ms
[122.046s][info][gc] GC(151) Pause Young (Normal) (G1 Evacuation Pause) 9854M->4070M(11452M) 59.820ms
[122.917s][info][gc] GC(152) Pause Young (Normal) (G1 Evacuation Pause) 9854M->4102M(11452M) 61.147ms
[123.779s][info][gc] GC(153) Pause Young (Normal) (G1 Evacuation Pause) 9858M->4137M(11452M) 57.266ms
[124.623s][info][gc] GC(154) Pause Young (Normal) (G1 Evacuation Pause) 9861M->4176M(11452M) 61.668ms
[125.462s][info][gc] GC(155) Pause Young (Normal) (G1 Evacuation Pause) 9856M->4206M(11452M) 59.060ms
[126.292s][info][gc] GC(156) Pause Young (Normal) (G1 Evacuation Pause) 9866M->4247M(11452M) 50.868ms
[127.115s][info][gc] GC(157) Pause Young (Normal) (G1 Evacuation Pause) 9863M->4282M(11452M) 52.673ms
[127.940s][info][gc] GC(158) Pause Young (Normal) (G1 Evacuation Pause) 9862M->4309M(11452M) 54.594ms
[128.770s][info][gc] GC(159) Pause Young (Normal) (G1 Evacuation Pause) 9869M->4347M(11452M) 58.557ms
[129.581s][info][gc] GC(160) Pause Young (Normal) (G1 Evacuation Pause) 9871M->4388M(11452M) 52.778ms
[130.390s][info][gc] GC(161) Pause Young (Normal) (G1 Evacuation Pause) 9860M->4413M(11452M) 54.353ms
[131.197s][info][gc] GC(162) Pause Young (Normal) (G1 Evacuation Pause) 9873M->4458M(11452M) 54.507ms
[131.995s][info][gc] GC(163) Pause Young (Normal) (G1 Evacuation Pause) 9862M->4488M(11452M) 55.667ms
[132.789s][info][gc] GC(164) Pause Young (Normal) (G1 Evacuation Pause) 9872M->4524M(11452M) 55.330ms
[133.584s][info][gc] GC(165) Pause Young (Normal) (G1 Evacuation Pause) 9872M->4556M(11452M) 57.445ms
[134.372s][info][gc] GC(166) Pause Young (Normal) (G1 Evacuation Pause) 9876M->4584M(11452M) 57.724ms
[135.156s][info][gc] GC(167) Pause Young (Normal) (G1 Evacuation Pause) 9884M->4634M(11452M) 56.385ms
[135.937s][info][gc] GC(168) Pause Young (Normal) (G1 Evacuation Pause) 9866M->4661M(11452M) 60.527ms
[136.709s][info][gc] GC(169) Pause Young (Normal) (G1 Evacuation Pause) 9877M->4700M(11452M) 54.906ms
[137.485s][info][gc] GC(170) Pause Young (Normal) (G1 Evacuation Pause) 9904M->4736M(11452M) 53.167ms
[138.267s][info][gc] GC(171) Pause Young (Normal) (G1 Evacuation Pause) 9908M->4779M(11452M) 51.678ms
[139.042s][info][gc] GC(172) Pause Young (Normal) (G1 Evacuation Pause) 9903M->4808M(11452M) 53.114ms
[139.815s][info][gc] GC(173) Pause Young (Normal) (G1 Evacuation Pause) 9916M->4851M(11452M) 53.499ms
[140.576s][info][gc] GC(174) Pause Young (Normal) (G1 Evacuation Pause) 9915M->4888M(11452M) 46.093ms
[141.331s][info][gc] GC(175) Pause Young (Normal) (G1 Evacuation Pause) 9912M->4912M(11452M) 50.185ms
[142.079s][info][gc] GC(176) Pause Young (Normal) (G1 Evacuation Pause) 9928M->4958M(11452M) 50.085ms
[142.817s][info][gc] GC(177) Pause Young (Normal) (G1 Evacuation Pause) 9922M->4995M(11452M) 50.926ms
[143.551s][info][gc] GC(178) Pause Young (Normal) (G1 Evacuation Pause) 9919M->5030M(11452M) 50.471ms
[144.279s][info][gc] GC(179) Pause Young (Normal) (G1 Evacuation Pause) 9926M->5079M(11452M) 51.022ms
[144.998s][info][gc] GC(180) Pause Young (Normal) (G1 Evacuation Pause) 9919M->5110M(11452M) 47.965ms
[145.711s][info][gc] GC(181) Pause Young (Normal) (G1 Evacuation Pause) 9922M->5141M(11452M) 47.344ms
[146.420s][info][gc] GC(182) Pause Young (Normal) (G1 Evacuation Pause) 9929M->5175M(11452M) 48.835ms
[147.126s][info][gc] GC(183) Pause Young (Normal) (G1 Evacuation Pause) 9927M->5211M(11452M) 48.126ms
[147.830s][info][gc] GC(184) Pause Young (Normal) (G1 Evacuation Pause) 9935M->5248M(11452M) 47.194ms
[148.530s][info][gc] GC(185) Pause Young (Normal) (G1 Evacuation Pause) 9932M->5284M(11452M) 47.762ms
[149.222s][info][gc] GC(186) Pause Young (Normal) (G1 Evacuation Pause) 9932M->5317M(11452M) 46.682ms
[149.912s][info][gc] GC(187) Pause Young (Normal) (G1 Evacuation Pause) 9941M->5354M(11452M) 48.210ms
[150.596s][info][gc] GC(188) Pause Young (Normal) (G1 Evacuation Pause) 9942M->5384M(11452M) 47.359ms
[151.276s][info][gc] GC(189) Pause Young (Normal) (G1 Evacuation Pause) 9944M->5421M(11452M) 47.407ms
[151.948s][info][gc] GC(190) Pause Young (Normal) (G1 Evacuation Pause) 9945M->5456M(11452M) 45.319ms
[152.618s][info][gc] GC(191) Pause Young (Normal) (G1 Evacuation Pause) 9944M->5490M(11452M) 46.602ms
[153.283s][info][gc] GC(192) Pause Young (Concurrent Start) (G1 Evacuation Pause) 9950M->5524M(11452M) 46.938ms
[154.169s][info][gc] GC(194) Pause Young (Normal) (G1 Evacuation Pause) 9948M->5556M(11452M) 47.373ms
[154.983s][info][gc] GC(195) Pause Young (Normal) (G1 Evacuation Pause) 9952M->5586M(11452M) 69.650ms
[155.682s][info][gc] GC(196) Pause Young (Prepare Mixed) (G1 Evacuation Pause) 9954M->5632M(11452M) 46.286ms
[155.758s][info][gc] GC(197) Pause Young (Mixed) (G1 Evacuation Pause) 5860M->4733M(11452M) 44.306ms
[155.875s][info][gc] GC(198) Pause Young (Mixed) (G1 Evacuation Pause) 5261M->3848M(11452M) 40.815ms
[156.011s][info][gc] GC(199) Pause Young (Mixed) (G1 Evacuation Pause) 4400M->3128M(11452M) 57.448ms
[156.140s][info][gc] GC(200) Pause Young (Mixed) (G1 Evacuation Pause) 3676M->2751M(11452M) 51.716ms
[157.107s][info][gc] GC(201) Pause Young (Normal) (G1 Evacuation Pause) 9551M->2833M(11452M) 27.573ms
[158.067s][info][gc] GC(202) Pause Young (Normal) (G1 Evacuation Pause) 9589M->2912M(11452M) 28.712ms
[159.015s][info][gc] GC(203) Pause Young (Normal) (G1 Evacuation Pause) 9588M->2981M(11452M) 34.278ms
[159.974s][info][gc] GC(204) Pause Young (Normal) (G1 Evacuation Pause) 9589M->3044M(11452M) 42.045ms
[160.945s][info][gc] GC(205) Pause Young (Normal) (G1 Evacuation Pause) 9588M->3100M(11452M) 47.544ms
[161.910s][info][gc] GC(206) Pause Young (Normal) (G1 Evacuation Pause) 9588M->3156M(11816M) 55.713ms
[162.891s][info][gc] GC(207) Pause Young (Normal) (G1 Evacuation Pause) 9808M->3202M(11816M) 54.829ms
[163.876s][info][gc] GC(208) Pause Young (Normal) (G1 Evacuation Pause) 9810M->3247M(11816M) 66.565ms
[164.851s][info][gc] GC(209) Pause Young (Normal) (G1 Evacuation Pause) 9815M->3293M(11816M) 62.102ms
[165.835s][info][gc] GC(210) Pause Young (Normal) (G1 Evacuation Pause) 9861M->3335M(11816M) 72.296ms
[166.820s][info][gc] GC(211) Pause Young (Normal) (G1 Evacuation Pause) 9903M->3378M(11816M) 69.574ms
[167.806s][info][gc] GC(212) Pause Young (Normal) (G1 Evacuation Pause) 9946M->3425M(11816M) 71.824ms
[168.801s][info][gc] GC(213) Pause Young (Normal) (G1 Evacuation Pause) 10033M->3474M(11816M) 66.329ms
[169.792s][info][gc] GC(214) Pause Young (Normal) (G1 Evacuation Pause) 10082M->3516M(11816M) 65.017ms
[170.777s][info][gc] GC(215) Pause Young (Normal) (G1 Evacuation Pause) 10132M->3560M(11816M) 63.914ms
[171.761s][info][gc] GC(216) Pause Young (Normal) (G1 Evacuation Pause) 10104M->3605M(11816M) 73.461ms
[172.741s][info][gc] GC(217) Pause Young (Normal) (G1 Evacuation Pause) 10101M->3646M(11816M) 72.435ms
[173.707s][info][gc] GC(218) Pause Young (Normal) (G1 Evacuation Pause) 10110M->3692M(11816M) 65.749ms
[174.666s][info][gc] GC(219) Pause Young (Normal) (G1 Evacuation Pause) 10112M->3732M(11816M) 69.785ms
[175.617s][info][gc] GC(220) Pause Young (Normal) (G1 Evacuation Pause) 10112M->3782M(11816M) 68.827ms
[176.560s][info][gc] GC(221) Pause Young (Normal) (G1 Evacuation Pause) 10110M->3811M(11816M) 68.090ms
[177.502s][info][gc] GC(222) Pause Young (Normal) (G1 Evacuation Pause) 10163M->3867M(11816M) 61.835ms
[178.432s][info][gc] GC(223) Pause Young (Normal) (G1 Evacuation Pause) 10163M->3914M(11816M) 60.004ms
[179.363s][info][gc] GC(224) Pause Young (Normal) (G1 Evacuation Pause) 10162M->3961M(11816M) 65.265ms
[180.280s][info][gc] GC(225) Pause Young (Normal) (G1 Evacuation Pause) 10157M->4010M(11816M) 57.963ms
[181.192s][info][gc] GC(226) Pause Young (Normal) (G1 Evacuation Pause) 10158M->4052M(11816M) 63.431ms
[182.098s][info][gc] GC(227) Pause Young (Normal) (G1 Evacuation Pause) 10160M->4097M(11816M) 62.312ms
[183.004s][info][gc] GC(228) Pause Young (Normal) (G1 Evacuation Pause) 10165M->4137M(11816M) 59.082ms
[183.908s][info][gc] GC(229) Pause Young (Normal) (G1 Evacuation Pause) 10169M->4184M(11816M) 58.305ms
[184.801s][info][gc] GC(230) Pause Young (Normal) (G1 Evacuation Pause) 10168M->4228M(11816M) 59.352ms
[185.685s][info][gc] GC(231) Pause Young (Normal) (G1 Evacuation Pause) 10176M->4273M(11816M) 57.140ms
[186.565s][info][gc] GC(232) Pause Young (Normal) (G1 Evacuation Pause) 10173M->4322M(11816M) 60.035ms
[187.437s][info][gc] GC(233) Pause Young (Normal) (G1 Evacuation Pause) 10166M->4368M(11816M) 59.727ms
[188.304s][info][gc] GC(234) Pause Young (Normal) (G1 Evacuation Pause) 10168M->4405M(11816M) 61.649ms
[189.157s][info][gc] GC(235) Pause Young (Normal) (G1 Evacuation Pause) 10181M->4454M(11816M) 55.967ms
[190.009s][info][gc] GC(236) Pause Young (Normal) (G1 Evacuation Pause) 10178M->4501M(11816M) 60.527ms
[190.849s][info][gc] GC(237) Pause Young (Normal) (G1 Evacuation Pause) 10177M->4543M(11816M) 57.093ms
[191.683s][info][gc] GC(238) Pause Young (Normal) (G1 Evacuation Pause) 10183M->4586M(11816M) 53.181ms
[192.516s][info][gc] GC(239) Pause Young (Normal) (G1 Evacuation Pause) 10182M->4625M(11816M) 55.238ms
[193.346s][info][gc] GC(240) Pause Young (Normal) (G1 Evacuation Pause) 10189M->4672M(11816M) 60.892ms
[194.165s][info][gc] GC(241) Pause Young (Normal) (G1 Evacuation Pause) 10188M->4720M(11816M) 56.438ms
[194.980s][info][gc] GC(242) Pause Young (Normal) (G1 Evacuation Pause) 10192M->4758M(11816M) 59.137ms
[195.789s][info][gc] GC(243) Pause Young (Normal) (G1 Evacuation Pause) 10198M->4794M(11816M) 56.579ms
[196.589s][info][gc] GC(244) Pause Young (Normal) (G1 Evacuation Pause) 10206M->4840M(11816M) 54.795ms
[197.379s][info][gc] GC(245) Pause Young (Normal) (G1 Evacuation Pause) 10200M->4880M(11816M) 52.720ms
[198.166s][info][gc] GC(246) Pause Young (Normal) (G1 Evacuation Pause) 10204M->4926M(11816M) 53.327ms
[198.944s][info][gc] GC(247) Pause Young (Normal) (G1 Evacuation Pause) 10206M->4963M(11816M) 51.313ms
[199.717s][info][gc] GC(248) Pause Young (Normal) (G1 Evacuation Pause) 10207M->5005M(11816M) 52.030ms
[200.486s][info][gc] GC(249) Pause Young (Normal) (G1 Evacuation Pause) 10213M->5044M(11816M) 52.545ms
[201.260s][info][gc] GC(250) Pause Young (Normal) (G1 Evacuation Pause) 10220M->5091M(11816M) 54.192ms
[202.024s][info][gc] GC(251) Pause Young (Normal) (G1 Evacuation Pause) 10215M->5133M(11816M) 54.644ms
[202.784s][info][gc] GC(252) Pause Young (Normal) (G1 Evacuation Pause) 10213M->5167M(11816M) 54.350ms
[203.538s][info][gc] GC(253) Pause Young (Normal) (G1 Evacuation Pause) 10219M->5212M(11816M) 52.423ms
[204.278s][info][gc] GC(254) Pause Young (Normal) (G1 Evacuation Pause) 10216M->5251M(11816M) 48.606ms
[205.014s][info][gc] GC(255) Pause Young (Normal) (G1 Evacuation Pause) 10223M->5290M(11816M) 47.863ms
[205.755s][info][gc] GC(256) Pause Young (Normal) (G1 Evacuation Pause) 10226M->5335M(11816M) 54.210ms
[206.484s][info][gc] GC(257) Pause Young (Normal) (G1 Evacuation Pause) 10219M->5373M(11816M) 50.437ms
[207.254s][info][gc] GC(258) Pause Young (Normal) (G1 Evacuation Pause) 10225M->5410M(11816M) 95.924ms
[207.978s][info][gc] GC(259) Pause Young (Normal) (G1 Evacuation Pause) 10230M->5450M(11816M) 52.793ms
[208.689s][info][gc] GC(260) Pause Young (Normal) (G1 Evacuation Pause) 10234M->5490M(11816M) 48.137ms
[209.406s][info][gc] GC(261) Pause Young (Normal) (G1 Evacuation Pause) 10234M->5532M(11816M) 56.647ms
[210.109s][info][gc] GC(262) Pause Young (Normal) (G1 Evacuation Pause) 10236M->5567M(11816M) 50.513ms
[210.812s][info][gc] GC(263) Pause Young (Normal) (G1 Evacuation Pause) 10235M->5608M(11816M) 55.940ms
[211.501s][info][gc] GC(264) Pause Young (Normal) (G1 Evacuation Pause) 10236M->5641M(11816M) 42.787ms
[212.190s][info][gc] GC(265) Pause Young (Normal) (G1 Evacuation Pause) 10245M->5681M(11816M) 45.581ms
[212.878s][info][gc] GC(266) Pause Young (Normal) (G1 Evacuation Pause) 10245M->5716M(11816M) 50.266ms
[213.557s][info][gc] GC(267) Pause Young (Concurrent Start) (G1 Evacuation Pause) 10252M->5759M(11816M) 47.865ms
[214.428s][info][gc] GC(269) Pause Young (Normal) (G1 Evacuation Pause) 10247M->5793M(11816M) 46.086ms
[215.235s][info][gc] GC(270) Pause Young (Normal) (G1 Evacuation Pause) 10257M->5837M(11816M) 58.706ms
[215.982s][info][gc] GC(271) Pause Young (Prepare Mixed) (G1 Evacuation Pause) 10253M->5873M(11816M) 52.787ms
[216.059s][info][gc] GC(272) Pause Young (Mixed) (G1 Evacuation Pause) 6097M->4812M(11816M) 46.420ms
[216.179s][info][gc] GC(273) Pause Young (Mixed) (G1 Evacuation Pause) 5332M->3947M(11816M) 47.702ms
[216.319s][info][gc] GC(274) Pause Young (Mixed) (G1 Evacuation Pause) 4515M->3266M(11816M) 61.069ms
[216.421s][info][gc] GC(275) Pause Young (Mixed) (G1 Evacuation Pause) 3830M->3242M(11816M) 23.747ms
[217.421s][info][gc] GC(276) Pause Young (Normal) (G1 Evacuation Pause) 10302M->3332M(11816M) 22.811ms
[218.412s][info][gc] GC(277) Pause Young (Normal) (G1 Evacuation Pause) 10300M->3416M(11816M) 29.879ms
[219.396s][info][gc] GC(278) Pause Young (Normal) (G1 Evacuation Pause) 10300M->3487M(11816M) 36.540ms
[220.377s][info][gc] GC(279) Pause Young (Normal) (G1 Evacuation Pause) 10299M->3556M(11816M) 40.690ms
[221.349s][info][gc] GC(280) Pause Young (Normal) (G1 Evacuation Pause) 10276M->3614M(11816M) 47.083ms
[222.312s][info][gc] GC(281) Pause Young (Normal) (G1 Evacuation Pause) 10222M->3672M(11816M) 55.398ms
[223.263s][info][gc] GC(282) Pause Young (Normal) (G1 Evacuation Pause) 10160M->3704M(11816M) 58.267ms
[224.207s][info][gc] GC(283) Pause Young (Normal) (G1 Evacuation Pause) 10128M->3757M(11816M) 64.291ms
[225.163s][info][gc] GC(284) Pause Young (Normal) (G1 Evacuation Pause) 10137M->3807M(11816M) 61.267ms
[226.106s][info][gc] GC(285) Pause Young (Normal) (G1 Evacuation Pause) 10135M->3845M(11816M) 58.341ms
[227.046s][info][gc] GC(286) Pause Young (Normal) (G1 Evacuation Pause) 10149M->3892M(11816M) 57.080ms
[227.981s][info][gc] GC(287) Pause Young (Normal) (G1 Evacuation Pause) 10152M->3951M(11816M) 60.404ms
[228.907s][info][gc] GC(288) Pause Young (Normal) (G1 Evacuation Pause) 10147M->3995M(11816M) 58.625ms
[229.830s][info][gc] GC(289) Pause Young (Normal) (G1 Evacuation Pause) 10147M->4046M(11816M) 64.385ms
[230.743s][info][gc] GC(290) Pause Young (Normal) (G1 Evacuation Pause) 10150M->4092M(11816M) 61.735ms
[231.650s][info][gc] GC(291) Pause Young (Normal) (G1 Evacuation Pause) 10148M->4133M(11816M) 64.707ms
[232.543s][info][gc] GC(292) Pause Young (Normal) (G1 Evacuation Pause) 10157M->4187M(11816M) 58.530ms
[233.434s][info][gc] GC(293) Pause Young (Normal) (G1 Evacuation Pause) 10155M->4229M(11816M) 57.289ms
[234.323s][info][gc] GC(294) Pause Young (Normal) (G1 Evacuation Pause) 10157M->4270M(11816M) 63.476ms
[235.198s][info][gc] GC(295) Pause Young (Normal) (G1 Evacuation Pause) 10162M->4319M(11816M) 53.591ms
[236.073s][info][gc] GC(296) Pause Young (Normal) (G1 Evacuation Pause) 10167M->4364M(11816M) 60.449ms
[236.941s][info][gc] GC(297) Pause Young (Normal) (G1 Evacuation Pause) 10168M->4415M(11816M) 57.833ms
[237.800s][info][gc] GC(298) Pause Young (Normal) (G1 Evacuation Pause) 10163M->4458M(11816M) 58.314ms
[238.657s][info][gc] GC(299) Pause Young (Normal) (G1 Evacuation Pause) 10170M->4506M(11816M) 59.804ms
[239.502s][info][gc] GC(300) Pause Young (Normal) (G1 Evacuation Pause) 10170M->4546M(11816M) 58.384ms
[240.348s][info][gc] GC(301) Pause Young (Normal) (G1 Evacuation Pause) 10174M->4598M(11816M) 54.200ms
[241.188s][info][gc] GC(302) Pause Young (Normal) (G1 Evacuation Pause) 10170M->4637M(11816M) 55.696ms
[242.026s][info][gc] GC(303) Pause Young (Normal) (G1 Evacuation Pause) 10181M->4688M(11816M) 57.688ms
[242.852s][info][gc] GC(304) Pause Young (Normal) (G1 Evacuation Pause) 10176M->4733M(11816M) 53.114ms
[243.676s][info][gc] GC(305) Pause Young (Normal) (G1 Evacuation Pause) 10181M->4784M(11816M) 56.826ms
[244.498s][info][gc] GC(306) Pause Young (Normal) (G1 Evacuation Pause) 10180M->4826M(11816M) 56.237ms
[245.310s][info][gc] GC(307) Pause Young (Normal) (G1 Evacuation Pause) 10182M->4874M(11816M) 51.586ms
[246.118s][info][gc] GC(308) Pause Young (Normal) (G1 Evacuation Pause) 10178M->4916M(11816M) 56.438ms
[246.923s][info][gc] GC(309) Pause Young (Normal) (G1 Evacuation Pause) 10184M->4960M(11816M) 59.992ms
[247.720s][info][gc] GC(310) Pause Young (Normal) (G1 Evacuation Pause) 10188M->5002M(11816M) 57.718ms
[248.507s][info][gc] GC(311) Pause Young (Normal) (G1 Evacuation Pause) 10194M->5045M(11816M) 53.961ms
[249.285s][info][gc] GC(312) Pause Young (Normal) (G1 Evacuation Pause) 10193M->5095M(11816M) 53.371ms
[250.061s][info][gc] GC(313) Pause Young (Normal) (G1 Evacuation Pause) 10187M->5134M(11816M) 57.181ms
[250.836s][info][gc] GC(314) Pause Young (Normal) (G1 Evacuation Pause) 10242M->5177M(11816M) 49.806ms
[251.614s][info][gc] GC(315) Pause Young (Normal) (G1 Evacuation Pause) 10249M->5223M(11816M) 50.779ms
[252.380s][info][gc] GC(316) Pause Young (Normal) (G1 Evacuation Pause) 10255M->5272M(11816M) 45.393ms
[253.144s][info][gc] GC(317) Pause Young (Normal) (G1 Evacuation Pause) 10256M->5329M(11816M) 49.975ms
[253.894s][info][gc] GC(318) Pause Young (Normal) (G1 Evacuation Pause) 10241M->5365M(11816M) 47.532ms
[254.635s][info][gc] GC(319) Pause Young (Normal) (G1 Evacuation Pause) 10253M->5412M(11816M) 47.293ms
[255.361s][info][gc] GC(320) Pause Young (Normal) (G1 Evacuation Pause) 10252M->5448M(11816M) 43.267ms
[256.091s][info][gc] GC(321) Pause Young (Normal) (G1 Evacuation Pause) 10264M->5497M(11816M) 50.286ms
[256.807s][info][gc] GC(322) Pause Young (Normal) (G1 Evacuation Pause) 10265M->5547M(11816M) 43.415ms
[257.528s][info][gc] GC(323) Pause Young (Normal) (G1 Evacuation Pause) 10259M->5593M(11816M) 49.851ms
[258.241s][info][gc] GC(324) Pause Young (Normal) (G1 Evacuation Pause) 10265M->5637M(11816M) 44.855ms
[258.939s][info][gc] GC(325) Pause Young (Normal) (G1 Evacuation Pause) 10265M->5679M(11816M) 44.377ms
[259.632s][info][gc] GC(326) Pause Young (Concurrent Start) (G1 Evacuation Pause) 10267M->5723M(11816M) 44.996ms
[260.474s][info][gc] GC(328) Pause Young (Normal) (G1 Evacuation Pause) 10267M->5775M(11816M) 43.502ms
[261.354s][info][gc] GC(329) Pause Young (Normal) (G1 Evacuation Pause) 10267M->5814M(11816M) 55.531ms
[262.134s][info][gc] GC(330) Pause Young (Normal) (G1 Evacuation Pause) 10274M->5856M(11816M) 55.148ms
[262.869s][info][gc] GC(331) Pause Young (Prepare Mixed) (G1 Evacuation Pause) 10280M->5898M(11816M) 47.942ms
[262.952s][info][gc] GC(332) Pause Young (Mixed) (G1 Evacuation Pause) 6142M->4849M(11816M) 47.513ms
[263.082s][info][gc] GC(333) Pause Young (Mixed) (G1 Evacuation Pause) 5393M->4036M(11816M) 51.682ms
[263.223s][info][gc] GC(334) Pause Young (Mixed) (G1 Evacuation Pause) 4604M->3552M(11816M) 61.322ms
[264.183s][info][gc] GC(335) Pause Young (Normal) (G1 Evacuation Pause) 10204M->3642M(11816M) 27.985ms
[265.138s][info][gc] GC(336) Pause Young (Normal) (G1 Evacuation Pause) 10250M->3727M(11816M) 29.521ms
[266.098s][info][gc] GC(337) Pause Young (Normal) (G1 Evacuation Pause) 10283M->3802M(11816M) 37.960ms
[267.056s][info][gc] GC(338) Pause Young (Normal) (G1 Evacuation Pause) 10314M->3870M(11816M) 42.868ms
[268.001s][info][gc] GC(339) Pause Young (Normal) (G1 Evacuation Pause) 10282M->3926M(11816M) 48.070ms
[268.935s][info][gc] GC(340) Pause Young (Normal) (G1 Evacuation Pause) 10226M->3984M(11816M) 54.395ms
[269.853s][info][gc] GC(341) Pause Young (Normal) (G1 Evacuation Pause) 10164M->4036M(11816M) 61.930ms
[270.767s][info][gc] GC(342) Pause Young (Normal) (G1 Evacuation Pause) 10128M->4080M(12164M) 65.804ms
[271.732s][info][gc] GC(343) Pause Young (Normal) (G1 Evacuation Pause) 10440M->4133M(12164M) 69.718ms
[272.683s][info][gc] GC(344) Pause Young (Normal) (G1 Evacuation Pause) 10441M->4183M(12164M) 66.956ms
[273.612s][info][gc] GC(345) Pause Young (Normal) (G1 Evacuation Pause) 10447M->4235M(12164M) 59.947ms
[274.554s][info][gc] GC(346) Pause Young (Normal) (G1 Evacuation Pause) 10447M->4282M(12164M) 67.612ms
[275.477s][info][gc] GC(347) Pause Young (Normal) (G1 Evacuation Pause) 10450M->4327M(12164M) 62.708ms
[276.391s][info][gc] GC(348) Pause Young (Normal) (G1 Evacuation Pause) 10451M->4376M(12164M) 60.468ms
[277.344s][info][gc] GC(349) Pause Young (Normal) (G1 Evacuation Pause) 10452M->4439M(12164M) 105.571ms
[278.244s][info][gc] GC(350) Pause Young (Normal) (G1 Evacuation Pause) 10439M->4476M(12164M) 68.629ms
[279.132s][info][gc] GC(351) Pause Young (Normal) (G1 Evacuation Pause) 10460M->4528M(12164M) 57.148ms
[280.030s][info][gc] GC(352) Pause Young (Normal) (G1 Evacuation Pause) 10452M->4584M(12164M) 70.193ms
[280.911s][info][gc] GC(353) Pause Young (Normal) (G1 Evacuation Pause) 10448M->4634M(12164M) 60.497ms
[281.787s][info][gc] GC(354) Pause Young (Normal) (G1 Evacuation Pause) 10450M->4682M(12164M) 61.354ms
[282.650s][info][gc] GC(355) Pause Young (Normal) (G1 Evacuation Pause) 10454M->4730M(12164M) 59.342ms
[283.509s][info][gc] GC(356) Pause Young (Normal) (G1 Evacuation Pause) 10506M->4780M(12164M) 54.814ms
[284.359s][info][gc] GC(357) Pause Young (Normal) (G1 Evacuation Pause) 10512M->4840M(12164M) 55.514ms
[285.206s][info][gc] GC(358) Pause Young (Normal) (G1 Evacuation Pause) 10512M->4890M(12164M) 57.299ms
[286.048s][info][gc] GC(359) Pause Young (Normal) (G1 Evacuation Pause) 10514M->4939M(12164M) 54.824ms
[286.884s][info][gc] GC(360) Pause Young (Normal) (G1 Evacuation Pause) 10519M->4987M(12164M) 54.160ms
[287.710s][info][gc] GC(361) Pause Young (Normal) (G1 Evacuation Pause) 10519M->5037M(12164M) 54.884ms
[288.538s][info][gc] GC(362) Pause Young (Normal) (G1 Evacuation Pause) 10525M->5092M(12164M) 55.327ms
[289.362s][info][gc] GC(363) Pause Young (Normal) (G1 Evacuation Pause) 10528M->5135M(12164M) 54.431ms
[290.183s][info][gc] GC(364) Pause Young (Normal) (G1 Evacuation Pause) 10531M->5184M(12164M) 53.056ms
[291.001s][info][gc] GC(365) Pause Young (Normal) (G1 Evacuation Pause) 10540M->5233M(12164M) 54.420ms
[291.807s][info][gc] GC(366) Pause Young (Normal) (G1 Evacuation Pause) 10537M->5281M(12164M) 48.535ms
[292.611s][info][gc] GC(367) Pause Young (Normal) (G1 Evacuation Pause) 10541M->5334M(12164M) 49.460ms
[293.404s][info][gc] GC(368) Pause Young (Normal) (G1 Evacuation Pause) 10538M->5383M(12164M) 52.275ms
[294.198s][info][gc] GC(369) Pause Young (Normal) (G1 Evacuation Pause) 10543M->5433M(12164M) 51.536ms
[294.981s][info][gc] GC(370) Pause Young (Normal) (G1 Evacuation Pause) 10541M->5480M(12164M) 51.813ms
[295.752s][info][gc] GC(371) Pause Young (Normal) (G1 Evacuation Pause) 10548M->5526M(12164M) 50.939ms
[296.516s][info][gc] GC(372) Pause Young (Normal) (G1 Evacuation Pause) 10550M->5574M(12164M) 50.720ms
[297.268s][info][gc] GC(373) Pause Young (Normal) (G1 Evacuation Pause) 10546M->5619M(12164M) 48.625ms
[298.020s][info][gc] GC(374) Pause Young (Normal) (G1 Evacuation Pause) 10559M->5669M(12164M) 50.410ms
[298.761s][info][gc] GC(375) Pause Young (Normal) (G1 Evacuation Pause) 10557M->5717M(12164M) 48.431ms
[299.488s][info][gc] GC(376) Pause Young (Normal) (G1 Evacuation Pause) 10557M->5763M(12164M) 45.946ms
[300.220s][info][gc] GC(377) Pause Young (Normal) (G1 Evacuation Pause) 10563M->5815M(12164M) 59.147ms
End benchmark
benchmarkAvgTime : 300135
