nbThread : 96
[0.995s][info][gc] GC(0) Pause Young (Normal) (G1 Evacuation Pause) 256M->155M(5120M) 376.111ms
[1.467s][info][gc] GC(1) Pause Young (Normal) (G1 Evacuation Pause) 379M->323M(5120M) 109.551ms
[2.227s][info][gc] GC(2) Pause Young (Normal) (G1 Evacuation Pause) 675M->607M(5120M) 51.380ms
[2.789s][info][gc] GC(3) Pause Young (Normal) (G1 Evacuation Pause) 831M->760M(5120M) 190.363ms
[3.280s][info][gc] GC(4) Pause Young (Normal) (G1 Evacuation Pause) 984M->907M(15360M) 105.174ms
[6.273s][info][gc] GC(5) Pause Young (Normal) (G1 Evacuation Pause) 1899M->1411M(15360M) 224.753ms
[8.115s][info][gc] GC(6) Pause Young (Normal) (G1 Evacuation Pause) 2083M->1441M(15360M) 48.556ms
[9.834s][info][gc] GC(7) Pause Young (Normal) (G1 Evacuation Pause) 2193M->1490M(15360M) 17.691ms
[10.818s][info][gc] GC(8) Pause Young (Normal) (G1 Evacuation Pause) 2242M->1855M(15360M) 154.399ms
[11.375s][info][gc] GC(9) Pause Young (Normal) (G1 Evacuation Pause) 2527M->1985M(32768M) 84.950ms
[12.378s][info][gc] GC(10) Pause Young (Normal) (G1 Evacuation Pause) 3521M->2010M(32768M) 39.555ms
[12.494s][info][gc] GC(11) Pause Young (Normal) (G1 Evacuation Pause) 3514M->2013M(32768M) 60.786ms
[12.562s][info][gc] GC(12) Pause Young (Normal) (G1 Evacuation Pause) 3613M->2006M(32768M) 6.412ms
[12.630s][info][gc] GC(13) Pause Young (Normal) (G1 Evacuation Pause) 3606M->2003M(32768M) 5.549ms
[12.696s][info][gc] GC(14) Pause Young (Normal) (G1 Evacuation Pause) 3619M->2004M(32768M) 5.323ms
[12.785s][info][gc] GC(15) Pause Young (Normal) (G1 Evacuation Pause) 3636M->2005M(32768M) 23.185ms
[13.737s][info][gc] GC(16) Pause Young (Normal) (G1 Evacuation Pause) 21621M->2005M(32768M) 19.413ms
[14.521s][info][gc] GC(17) Pause Young (Normal) (G1 Evacuation Pause) 21621M->2004M(32768M) 12.508ms
[15.299s][info][gc] GC(18) Pause Young (Normal) (G1 Evacuation Pause) 21620M->2004M(32768M) 8.502ms
[16.072s][info][gc] GC(19) Pause Young (Normal) (G1 Evacuation Pause) 21620M->2004M(32768M) 6.770ms
[16.850s][info][gc] GC(20) Pause Young (Normal) (G1 Evacuation Pause) 21620M->2004M(32768M) 6.785ms
[17.632s][info][gc] GC(21) Pause Young (Normal) (G1 Evacuation Pause) 21620M->2003M(32768M) 7.840ms
[18.414s][info][gc] GC(22) Pause Young (Normal) (G1 Evacuation Pause) 21635M->2004M(32768M) 6.372ms
[19.195s][info][gc] GC(23) Pause Young (Normal) (G1 Evacuation Pause) 21620M->2004M(32768M) 7.471ms
[19.978s][info][gc] GC(24) Pause Young (Normal) (G1 Evacuation Pause) 21620M->2005M(32768M) 6.329ms
[20.770s][info][gc] GC(25) Pause Young (Normal) (G1 Evacuation Pause) 21621M->2004M(32768M) 17.542ms
[21.559s][info][gc] GC(26) Pause Young (Normal) (G1 Evacuation Pause) 21636M->2004M(32768M) 8.834ms
[22.347s][info][gc] GC(27) Pause Young (Normal) (G1 Evacuation Pause) 21636M->2003M(32768M) 9.340ms
[23.132s][info][gc] GC(28) Pause Young (Normal) (G1 Evacuation Pause) 21635M->2003M(32768M) 6.521ms
[23.915s][info][gc] GC(29) Pause Young (Normal) (G1 Evacuation Pause) 21635M->2004M(32768M) 6.901ms
[24.699s][info][gc] GC(30) Pause Young (Normal) (G1 Evacuation Pause) 21636M->2004M(32768M) 6.044ms
[25.483s][info][gc] GC(31) Pause Young (Normal) (G1 Evacuation Pause) 21636M->2004M(32768M) 7.424ms
[26.269s][info][gc] GC(32) Pause Young (Normal) (G1 Evacuation Pause) 21636M->2004M(32768M) 7.938ms
[27.055s][info][gc] GC(33) Pause Young (Normal) (G1 Evacuation Pause) 21636M->2004M(32768M) 8.104ms
[27.840s][info][gc] GC(34) Pause Young (Normal) (G1 Evacuation Pause) 21636M->2004M(32768M) 6.826ms
[28.624s][info][gc] GC(35) Pause Young (Normal) (G1 Evacuation Pause) 21636M->2004M(32768M) 6.769ms
[29.405s][info][gc] GC(36) Pause Young (Normal) (G1 Evacuation Pause) 21636M->2005M(32768M) 5.852ms
[30.192s][info][gc] GC(37) Pause Young (Normal) (G1 Evacuation Pause) 21637M->2004M(32768M) 8.730ms
[30.971s][info][gc] GC(38) Pause Young (Normal) (G1 Evacuation Pause) 21636M->2004M(32768M) 5.827ms
[31.753s][info][gc] GC(39) Pause Young (Normal) (G1 Evacuation Pause) 21636M->2004M(32768M) 6.571ms
[32.539s][info][gc] GC(40) Pause Young (Normal) (G1 Evacuation Pause) 21636M->2004M(32768M) 7.520ms
[33.323s][info][gc] GC(41) Pause Young (Normal) (G1 Evacuation Pause) 21636M->2004M(32768M) 6.647ms
[34.106s][info][gc] GC(42) Pause Young (Normal) (G1 Evacuation Pause) 21636M->2005M(32768M) 5.832ms
[34.891s][info][gc] GC(43) Pause Young (Normal) (G1 Evacuation Pause) 21637M->2004M(32768M) 6.524ms
[35.679s][info][gc] GC(44) Pause Young (Normal) (G1 Evacuation Pause) 21636M->2004M(32768M) 6.426ms
[36.462s][info][gc] GC(45) Pause Young (Normal) (G1 Evacuation Pause) 21636M->2004M(32768M) 7.204ms
[37.246s][info][gc] GC(46) Pause Young (Normal) (G1 Evacuation Pause) 21636M->2003M(32768M) 7.060ms
[38.030s][info][gc] GC(47) Pause Young (Normal) (G1 Evacuation Pause) 21635M->2003M(32768M) 7.329ms
[38.818s][info][gc] GC(48) Pause Young (Normal) (G1 Evacuation Pause) 21635M->2003M(32768M) 5.939ms
[39.603s][info][gc] GC(49) Pause Young (Normal) (G1 Evacuation Pause) 21635M->2004M(32768M) 5.731ms
[40.387s][info][gc] GC(50) Pause Young (Normal) (G1 Evacuation Pause) 21636M->2004M(32768M) 6.079ms
[41.178s][info][gc] GC(51) Pause Young (Normal) (G1 Evacuation Pause) 21636M->2003M(32768M) 7.886ms
Start benchmark
[41.865s][info][gc] GC(52) Pause Young (Normal) (G1 Evacuation Pause) 9603M->2029M(32768M) 54.442ms
[42.160s][info][gc] GC(53) Pause Young (Normal) (G1 Evacuation Pause) 6349M->2034M(32768M) 48.498ms
[43.077s][info][gc] GC(54) Pause Young (Normal) (G1 Evacuation Pause) 21634M->2036M(32768M) 26.955ms
[43.991s][info][gc] GC(55) Pause Young (Normal) (G1 Evacuation Pause) 21636M->2037M(32768M) 38.559ms
[44.964s][info][gc] GC(56) Pause Young (Normal) (G1 Evacuation Pause) 21637M->2038M(32768M) 36.438ms
[45.940s][info][gc] GC(57) Pause Young (Normal) (G1 Evacuation Pause) 21638M->2037M(32768M) 22.041ms
[46.892s][info][gc] GC(58) Pause Young (Normal) (G1 Evacuation Pause) 21637M->2036M(32768M) 20.924ms
[47.856s][info][gc] GC(59) Pause Young (Normal) (G1 Evacuation Pause) 21636M->2037M(32768M) 21.331ms
[48.856s][info][gc] GC(60) Pause Young (Normal) (G1 Evacuation Pause) 21637M->2037M(32768M) 27.129ms
[49.773s][info][gc] GC(61) Pause Young (Normal) (G1 Evacuation Pause) 21637M->2037M(32768M) 24.629ms
[50.670s][info][gc] GC(62) Pause Young (Normal) (G1 Evacuation Pause) 21637M->2037M(32768M) 21.740ms
[51.563s][info][gc] GC(63) Pause Young (Normal) (G1 Evacuation Pause) 21637M->2036M(32768M) 21.296ms
[52.491s][info][gc] GC(64) Pause Young (Normal) (G1 Evacuation Pause) 21636M->2037M(32768M) 22.651ms
[53.413s][info][gc] GC(65) Pause Young (Normal) (G1 Evacuation Pause) 21637M->2036M(32768M) 30.901ms
[54.333s][info][gc] GC(66) Pause Young (Normal) (G1 Evacuation Pause) 21636M->2036M(32768M) 28.336ms
[55.268s][info][gc] GC(67) Pause Young (Normal) (G1 Evacuation Pause) 21636M->2039M(32768M) 57.418ms
[56.133s][info][gc] GC(68) Pause Young (Normal) (G1 Evacuation Pause) 21671M->2038M(32768M) 8.007ms
[56.209s][info][gc] GC(69) Pause Young (Normal) (G1 Evacuation Pause) 3654M->2038M(32768M) 4.556ms
[56.286s][info][gc] GC(70) Pause Young (Normal) (G1 Evacuation Pause) 3654M->2038M(32768M) 5.274ms
[57.145s][info][gc] GC(71) Pause Young (Normal) (G1 Evacuation Pause) 21670M->2038M(32768M) 6.604ms
[58.010s][info][gc] GC(72) Pause Young (Normal) (G1 Evacuation Pause) 21670M->2038M(32768M) 9.405ms
[58.868s][info][gc] GC(73) Pause Young (Normal) (G1 Evacuation Pause) 21670M->2038M(32768M) 7.106ms
[59.727s][info][gc] GC(74) Pause Young (Normal) (G1 Evacuation Pause) 21670M->2038M(32768M) 8.040ms
[60.585s][info][gc] GC(75) Pause Young (Normal) (G1 Evacuation Pause) 21670M->2038M(32768M) 6.953ms
[61.445s][info][gc] GC(76) Pause Young (Normal) (G1 Evacuation Pause) 21670M->2038M(32768M) 6.577ms
[62.298s][info][gc] GC(77) Pause Young (Normal) (G1 Evacuation Pause) 21670M->2037M(32768M) 6.190ms
[63.157s][info][gc] GC(78) Pause Young (Normal) (G1 Evacuation Pause) 21669M->2038M(32768M) 6.955ms
[64.017s][info][gc] GC(79) Pause Young (Normal) (G1 Evacuation Pause) 21670M->2037M(32768M) 6.750ms
[64.873s][info][gc] GC(80) Pause Young (Normal) (G1 Evacuation Pause) 21669M->2038M(32768M) 5.843ms
[65.739s][info][gc] GC(81) Pause Young (Normal) (G1 Evacuation Pause) 21670M->2038M(32768M) 7.015ms
[66.595s][info][gc] GC(82) Pause Young (Normal) (G1 Evacuation Pause) 21670M->2038M(32768M) 6.145ms
[67.453s][info][gc] GC(83) Pause Young (Normal) (G1 Evacuation Pause) 21670M->2037M(32768M) 7.345ms
[68.314s][info][gc] GC(84) Pause Young (Normal) (G1 Evacuation Pause) 21669M->2038M(32768M) 6.679ms
[69.176s][info][gc] GC(85) Pause Young (Normal) (G1 Evacuation Pause) 21670M->2038M(32768M) 5.286ms
[70.039s][info][gc] GC(86) Pause Young (Normal) (G1 Evacuation Pause) 21670M->2037M(32768M) 6.192ms
[70.904s][info][gc] GC(87) Pause Young (Normal) (G1 Evacuation Pause) 21669M->2037M(32768M) 6.719ms
[71.768s][info][gc] GC(88) Pause Young (Normal) (G1 Evacuation Pause) 21669M->2038M(32768M) 7.679ms
[72.625s][info][gc] GC(89) Pause Young (Normal) (G1 Evacuation Pause) 21670M->2038M(32768M) 6.818ms
[73.483s][info][gc] GC(90) Pause Young (Normal) (G1 Evacuation Pause) 21670M->2038M(32768M) 5.315ms
[74.342s][info][gc] GC(91) Pause Young (Normal) (G1 Evacuation Pause) 21670M->2038M(32768M) 6.951ms
[75.201s][info][gc] GC(92) Pause Young (Normal) (G1 Evacuation Pause) 21670M->2037M(32768M) 6.831ms
[76.063s][info][gc] GC(93) Pause Young (Normal) (G1 Evacuation Pause) 21669M->2038M(32768M) 6.558ms
[76.924s][info][gc] GC(94) Pause Young (Normal) (G1 Evacuation Pause) 21670M->2038M(32768M) 6.619ms
[77.786s][info][gc] GC(95) Pause Young (Normal) (G1 Evacuation Pause) 21670M->2037M(32768M) 7.422ms
[78.646s][info][gc] GC(96) Pause Young (Normal) (G1 Evacuation Pause) 21669M->2038M(32768M) 6.273ms
[79.502s][info][gc] GC(97) Pause Young (Normal) (G1 Evacuation Pause) 21670M->2038M(32768M) 6.637ms
[80.367s][info][gc] GC(98) Pause Young (Normal) (G1 Evacuation Pause) 21670M->2038M(32768M) 8.364ms
[81.230s][info][gc] GC(99) Pause Young (Normal) (G1 Evacuation Pause) 21670M->2038M(32768M) 5.783ms
[82.089s][info][gc] GC(100) Pause Young (Normal) (G1 Evacuation Pause) 21670M->2038M(32768M) 5.294ms
[82.950s][info][gc] GC(101) Pause Young (Normal) (G1 Evacuation Pause) 21670M->2038M(32768M) 5.563ms
[83.813s][info][gc] GC(102) Pause Young (Normal) (G1 Evacuation Pause) 21670M->2038M(32768M) 8.960ms
[84.674s][info][gc] GC(103) Pause Young (Normal) (G1 Evacuation Pause) 21670M->2037M(32768M) 7.094ms
[85.535s][info][gc] GC(104) Pause Young (Normal) (G1 Evacuation Pause) 21669M->2037M(32768M) 5.390ms
[86.396s][info][gc] GC(105) Pause Young (Normal) (G1 Evacuation Pause) 21669M->2038M(32768M) 5.593ms
[87.254s][info][gc] GC(106) Pause Young (Normal) (G1 Evacuation Pause) 21670M->2037M(32768M) 5.110ms
[88.116s][info][gc] GC(107) Pause Young (Normal) (G1 Evacuation Pause) 21669M->2038M(32768M) 6.725ms
[88.978s][info][gc] GC(108) Pause Young (Normal) (G1 Evacuation Pause) 21670M->2038M(32768M) 7.381ms
[89.844s][info][gc] GC(109) Pause Young (Normal) (G1 Evacuation Pause) 21670M->2038M(32768M) 7.550ms
[90.699s][info][gc] GC(110) Pause Young (Normal) (G1 Evacuation Pause) 21670M->2037M(32768M) 5.135ms
[91.559s][info][gc] GC(111) Pause Young (Normal) (G1 Evacuation Pause) 21669M->2038M(32768M) 5.058ms
[92.418s][info][gc] GC(112) Pause Young (Normal) (G1 Evacuation Pause) 21670M->2038M(32768M) 6.220ms
[93.284s][info][gc] GC(113) Pause Young (Normal) (G1 Evacuation Pause) 21670M->2038M(32768M) 6.911ms
[94.143s][info][gc] GC(114) Pause Young (Normal) (G1 Evacuation Pause) 21670M->2038M(32768M) 7.257ms
[95.001s][info][gc] GC(115) Pause Young (Normal) (G1 Evacuation Pause) 21670M->2037M(32768M) 5.096ms
[95.866s][info][gc] GC(116) Pause Young (Normal) (G1 Evacuation Pause) 21669M->2038M(32768M) 8.236ms
[96.723s][info][gc] GC(117) Pause Young (Normal) (G1 Evacuation Pause) 21670M->2038M(32768M) 6.249ms
[97.586s][info][gc] GC(118) Pause Young (Normal) (G1 Evacuation Pause) 21670M->2039M(32768M) 7.176ms
[98.452s][info][gc] GC(119) Pause Young (Normal) (G1 Evacuation Pause) 21671M->2038M(32768M) 6.983ms
[99.315s][info][gc] GC(120) Pause Young (Normal) (G1 Evacuation Pause) 21670M->2038M(32768M) 7.203ms
[100.173s][info][gc] GC(121) Pause Young (Normal) (G1 Evacuation Pause) 21670M->2038M(32768M) 6.911ms
[101.031s][info][gc] GC(122) Pause Young (Normal) (G1 Evacuation Pause) 21670M->2037M(32768M) 6.788ms
End benchmark
benchmarkAvgTime : 59840
