nbThread : 1
Start benchmark
End benchmark
Start benchmark
End benchmark
Start benchmark
End benchmark
Start benchmark
End benchmark
Start benchmark
End benchmark
benchmarkAvgTime : 30001
nbThread : 2
Start benchmark
End benchmark
Start benchmark
End benchmark
Start benchmark
End benchmark
Start benchmark
End benchmark
Start benchmark
End benchmark
benchmarkAvgTime : 30000
nbThread : 4
Start benchmark
End benchmark
Start benchmark
End benchmark
Start benchmark
End benchmark
=> End filling <=[403.288s][info][gc] GC(0) Pause Young (Normal) (G1 Evacuation Pause) 100M->1M(2056M) 12.772ms
Start benchmark
End benchmark
Start benchmark
End benchmark
benchmarkAvgTime : 30001
nbThread : 8
Start benchmark
End benchmark
Start benchmark
End benchmark
Start benchmark
End benchmark
Start benchmark
End benchmark
Start benchmark
End benchmark
benchmarkAvgTime : 30000
nbThread : 16
Start benchmark
End benchmark
Start benchmark
End benchmark
Start benchmark
End benchmark
Start benchmark
End benchmark
Start benchmark
End benchmark
benchmarkAvgTime : 30000
nbThread : 32
Start benchmark
End benchmark
Start benchmark
End benchmark
Start benchmark
End benchmark
Start benchmark
End benchmark
Start benchmark
End benchmark
benchmarkAvgTime : 30002
nbThread : 48
Start benchmark
End benchmark
Start benchmark
End benchmark
Start benchmark
End benchmark
Start benchmark
End benchmark
Start benchmark
End benchmark
benchmarkAvgTime : 30004
